<?xml version="1.0" encoding="UTF-8"?>
<!-- Generated by org.testng.reporters.JUnitReportReporter -->
<testsuite hostname="WIN-L2TNJ7VR6RN" name="testng.testgroup" tests="6" failures="0" timestamp="28 Dec 2018 01:37:10 GMT" time="0.000" errors="0">
  <testcase name="runselenium1" time="0.000" classname="testng.testgroup"/>
  <testcase name="testconnectoracle" time="0.000" classname="testng.testgroup"/>
  <testcase name="runselenium" time="0.000" classname="testng.testgroup"/>
  <testcase name="testconnectmysql" time="0.000" classname="testng.testgroup"/>
  <testcase name="runselenium1" time="0.000" classname="testng.testgroup"/>
  <testcase name="runselenium" time="0.000" classname="testng.testgroup"/>
</testsuite> <!-- testng.testgroup -->
