<?xml version="1.0" encoding="UTF-8"?>
<!-- Generated by org.testng.reporters.JUnitReportReporter -->
<testsuite hostname="WIN-L2TNJ7VR6RN" name="testng.sizeyunsTest" tests="7" failures="0" timestamp="27 Dec 2018 07:05:16 GMT" time="0.014" errors="0">
  <testcase name="cheng" time="0.002" classname="testng.sizeyunsTest"/>
  <testcase name="cheng" time="0.002" classname="testng.sizeyunsTest"/>
  <testcase name="sub" time="0.002" classname="testng.sizeyunsTest"/>
  <testcase name="cheng" time="0.001" classname="testng.sizeyunsTest"/>
  <testcase name="sub" time="0.001" classname="testng.sizeyunsTest"/>
  <testcase name="sub" time="0.000" classname="testng.sizeyunsTest"/>
  <testcase name="add" time="0.006" classname="testng.sizeyunsTest"/>
</testsuite> <!-- testng.sizeyunsTest -->
