<?xml version="1.0" encoding="UTF-8"?>
<!-- Generated by org.testng.reporters.JUnitReportReporter -->
<testsuite hostname="WIN-L2TNJ7VR6RN" name="day03.zuoye3" tests="1" failures="0" timestamp="3 Jan 2019 10:37:37 GMT" time="2.758" errors="0">
  <testcase name="buy" time="2.758" classname="day03.zuoye3"/>
</testsuite> <!-- day03.zuoye3 -->
