<?xml version="1.0" encoding="UTF-8"?>
<!-- Generated by org.testng.reporters.JUnitReportReporter -->
<testsuite hostname="WIN-L2TNJ7VR6RN" name="day03.zuoye4" tests="3" failures="0" timestamp="3 Jan 2019 11:32:54 GMT" time="8.677" errors="0">
  <testcase name="Bdel" time="2.516" classname="day03.zuoye4"/>
  <testcase name="Aadd" time="3.299" classname="day03.zuoye4"/>
  <testcase name="Carry" time="2.862" classname="day03.zuoye4"/>
</testsuite> <!-- day03.zuoye4 -->
