<?xml version="1.0" encoding="UTF-8"?>
<!-- Generated by org.testng.reporters.JUnitReportReporter -->
<testsuite hostname="WIN-L2TNJ7VR6RN" name="testng.zuoye1" tests="3" failures="0" timestamp="3 Jan 2019 07:54:46 GMT" time="7.033" errors="0">
  <testcase name="Cshangpin2" time="2.428" classname="testng.zuoye1"/>
  <testcase name="Ashangpin1" time="2.431" classname="testng.zuoye1"/>
  <testcase name="Bshangpin2" time="2.174" classname="testng.zuoye1"/>
</testsuite> <!-- testng.zuoye1 -->
