<?xml version="1.0" encoding="UTF-8"?>
<!-- Generated by org.testng.reporters.JUnitReportReporter -->
<testsuite hostname="WIN-L2TNJ7VR6RN" name="testng.zuoye2" tests="1" failures="0" timestamp="3 Jan 2019 08:21:15 GMT" time="9.322" errors="0">
  <testcase name="buy" time="9.322" classname="testng.zuoye2"/>
</testsuite> <!-- testng.zuoye2 -->
