<?xml version="1.0" encoding="UTF-8"?>
<!-- Generated by org.testng.reporters.JUnitReportReporter -->
<testsuite hostname="WIN-L2TNJ7VR6RN" name="day04.yinghang" tests="2" failures="0" timestamp="29 Dec 2018 06:53:43 GMT" time="1.874" errors="0">
  <testcase name="chakan1" time="0.234" classname="day04.yinghang"/>
  <testcase name="Alogin" time="1.640" classname="day04.yinghang"/>
</testsuite> <!-- day04.yinghang -->
